<?xml version="1.0" encoding="UTF-8"?>
<coverage generated="1626754124304" clover="3.2.0">
  <project timestamp="1626754124304" name="All files">
    <metrics statements="21" coveredstatements="21" conditionals="4" coveredconditionals="3" methods="5" coveredmethods="5" elements="30" coveredelements="29" complexity="0" loc="21" ncloc="21" packages="1" files="1" classes="1"/>
    <file name="journal.js" path="C:\Users\rao34\Desktop\journal\src\journal.js">
      <metrics statements="21" coveredstatements="21" conditionals="4" coveredconditionals="3" methods="5" coveredmethods="5"/>
      <line num="2" count="2" type="stmt"/>
      <line num="3" count="2" type="stmt"/>
      <line num="6" count="1" type="stmt"/>
      <line num="8" count="1" type="stmt"/>
      <line num="9" count="1" type="stmt"/>
      <line num="10" count="1" type="stmt"/>
      <line num="11" count="1" type="stmt"/>
      <line num="12" count="5" type="cond" truecount="1" falsecount="1"/>
      <line num="13" count="5" type="stmt"/>
      <line num="16" count="1" type="stmt"/>
      <line num="19" count="1" type="stmt"/>
      <line num="20" count="1" type="stmt"/>
      <line num="21" count="1" type="stmt"/>
      <line num="22" count="1" type="stmt"/>
      <line num="24" count="1" type="stmt"/>
      <line num="25" count="5" type="stmt"/>
      <line num="26" count="30" type="stmt"/>
      <line num="27" count="30" type="cond" truecount="2" falsecount="0"/>
      <line num="28" count="3" type="stmt"/>
      <line num="31" count="5" type="stmt"/>
      <line num="33" count="1" type="stmt"/>
    </file>
  </project>
</coverage>
