TN:
SF:C:\Users\rao34\Desktop\journal\src\journal.js
FN:1,Entry
FN:6,(anonymous_1)
FN:11,(anonymous_2)
FN:19,(anonymous_3)
FN:24,(anonymous_4)
FNF:5
FNH:5
FNDA:2,Entry
FNDA:1,(anonymous_1)
FNDA:5,(anonymous_2)
FNDA:1,(anonymous_3)
FNDA:5,(anonymous_4)
DA:2,2
DA:3,2
DA:6,1
DA:8,1
DA:9,1
DA:10,1
DA:11,1
DA:12,5
DA:13,5
DA:16,1
DA:19,1
DA:20,1
DA:21,1
DA:22,1
DA:24,1
DA:25,5
DA:26,30
DA:27,30
DA:28,3
DA:31,5
DA:33,1
LF:21
LH:21
BRDA:12,0,0,5
BRDA:12,0,1,0
BRDA:27,1,0,3
BRDA:27,1,1,27
BRF:4
BRH:3
end_of_record
